<?xml version="1.0" encoding="UTF-8"?>
<!-- Generated by org.testng.reporters.JUnitReportReporter -->
<testsuite hostname="Lap-Art-NXC4JSI004938038007200" failures="0" tests="1" name="Sample.Realdevice" time="48.448" errors="0" timestamp="2022-09-12T11:48:56 IST" skipped="0">
  <testcase classname="Sample.Realdevice" name="test" time="48.448"/>
  <system-out/>
</testsuite> <!-- Sample.Realdevice -->
