<?xml version="1.0" encoding="UTF-8"?>
<!-- Generated by org.testng.reporters.JUnitReportReporter -->
<testsuite hostname="ART-LAP-MP22NY73" failures="0" tests="1" name="NB_Login.TC_No16" time="5.116" errors="0" timestamp="2022-09-01T14:55:25 IST" skipped="0">
  <testcase classname="NB_Login.TC_No16" name="CheckandverifyNBloginScreen" time="5.116"/>
  <system-out/>
</testsuite> <!-- NB_Login.TC_No16 -->
