<?xml version="1.0" encoding="UTF-8"?>
<!-- Generated by org.testng.reporters.JUnitReportReporter -->
<testsuite hostname="ART-LAP-MP22NY73" failures="0" tests="1" name="NB_Login.TC_No12" time="4.681" errors="0" timestamp="2022-09-01T13:25:51 IST" skipped="0">
  <testcase classname="NB_Login.TC_No12" name="CheckandverifyNBloginScreen" time="4.681"/>
  <system-out/>
</testsuite> <!-- NB_Login.TC_No12 -->
