<?xml version="1.0" encoding="UTF-8"?>
<!-- Generated by org.testng.reporters.JUnitReportReporter -->
<testsuite hostname="Lap-Art-NXC4JSI004938038007200" failures="0" tests="1" name="Sample.NB_Login" time="28.421" errors="0" timestamp="2022-09-20T14:41:12 IST" skipped="0">
  <testcase classname="Sample.NB_Login" name="Tc420" time="28.421"/>
  <system-out/>
</testsuite> <!-- Sample.NB_Login -->
