<?xml version="1.0" encoding="UTF-8"?>
<!-- Generated by org.testng.reporters.JUnitReportReporter -->
<testsuite hostname="ART-LAP-MP22NY73" failures="0" tests="1" name="NB_Login.TC_No25FNA" time="8.904" errors="0" timestamp="2022-09-01T16:46:00 IST" skipped="0">
  <testcase classname="NB_Login.TC_No25FNA" name="CheckandverifyNBloginScreen" time="8.904"/>
  <system-out/>
</testsuite> <!-- NB_Login.TC_No25FNA -->
