<?xml version="1.0" encoding="UTF-8"?>
<!-- Generated by org.testng.reporters.JUnitReportReporter -->
<testsuite hostname="ART-LAP-MP22NY73" failures="0" tests="1" name="Sample.Realdevice" time="37.062" errors="0" timestamp="2022-08-30T12:21:10 IST" skipped="0">
  <testcase classname="Sample.Realdevice" name="test" time="37.062"/>
  <system-out/>
</testsuite> <!-- Sample.Realdevice -->
