<?xml version="1.0" encoding="UTF-8"?>
<!-- Generated by org.testng.reporters.JUnitReportReporter -->
<testsuite hostname="ART-LAP-MP22NY73" failures="0" tests="1" name="Sample.Virtualdevice" time="19.923" errors="0" timestamp="2022-08-23T14:55:03 IST" skipped="0">
  <testcase classname="Sample.Virtualdevice" name="test" time="19.923"/>
  <system-out/>
</testsuite> <!-- Sample.Virtualdevice -->
