<?xml version="1.0" encoding="UTF-8"?>
<!-- Generated by org.testng.reporters.JUnitReportReporter -->
<testsuite hostname="ART-LAP-MP22NY73" failures="0" tests="1" name="Sample.Login" time="18.650" errors="0" timestamp="2022-08-23T14:12:05 IST" skipped="0">
  <testcase classname="Sample.Login" name="test" time="18.650"/>
  <system-out/>
</testsuite> <!-- Sample.Login -->
