<?xml version="1.0" encoding="UTF-8"?>
<!-- Generated by org.testng.reporters.JUnitReportReporter -->
<testsuite hostname="ART-LAP-MP22NY73" failures="0" tests="1" name="Sample.NB_Login" time="11.479" errors="0" timestamp="2022-09-01T10:52:59 IST" skipped="0">
  <testcase classname="Sample.NB_Login" name="Tc420" time="11.479"/>
  <system-out/>
</testsuite> <!-- Sample.NB_Login -->
