<?xml version="1.0" encoding="UTF-8"?>
<!-- Generated by org.testng.reporters.JUnitReportReporter -->
<testsuite hostname="ART-LAP-MP22NY73" failures="0" tests="1" name="NB_Login.TC_No28FNA" time="7.932" errors="0" timestamp="2022-09-02T17:21:08 IST" skipped="0">
  <testcase classname="NB_Login.TC_No28FNA" name="CheckandverifyFirstnameFieldasmandatory" time="7.932"/>
  <system-out/>
</testsuite> <!-- NB_Login.TC_No28FNA -->
