<?xml version="1.0" encoding="UTF-8"?>
<!-- Generated by org.testng.reporters.JUnitReportReporter -->
<testsuite hostname="ART-LAP-MP22NY73" failures="0" tests="1" name="NB_Login.CheckandverifyNBloginScreen" time="2.307" errors="0" timestamp="2022-09-01T11:06:57 IST" skipped="0">
  <testcase classname="NB_Login.CheckandverifyNBloginScreen" name="CheckandverifyNBloginScreen" time="2.307"/>
  <system-out/>
</testsuite> <!-- NB_Login.CheckandverifyNBloginScreen -->
